  {
   "id": "S-N-04",
   "event_id": "4663",
   "input": "Timestamp=\"2026-08-31 09:46:04\" EventID=4663 Hostname=WINHOST-01 Message=\"An attempt was made to access an object.  Subject:  Security ID:  NT AUTHORITY\\SYSTEM  Account Name:  LOCAL SERVICE  Account Domain:  WORKGROUP  Logon ID:  0x3E7  Object:  Object Server:  Security  Object Type:  Key  Object Name:  \\REGISTRY\\MACHINE\\SYSTEM\\CurrentControlSet\\Services\\W32Time\\Config  Handle ID:  0x2f4  Process Information:  Process ID:  0x2b8  Process Name:  C:\\Windows\\System32\\svchost.exe  Access Request Information:  Accesses:  Set key value  Access Mask:  0x2001F\"",
   "expected_attack_ids": [],
   "expected_decision": "INSUFFICIENT_DATA",
   "negative_case": true,
   "review_flag": false,
   "rationale": "GERCEKLESEN yazma ama anahtar `noise` (time-service). Kritiklik esigi tutmadigi icin Yol B atesLENMEMELI -- erisim gerceklesse bile.",
   "attack_source": "config/asset_criticality.yaml time-service / noise",
   "attack_version": "19.1",
   "labeled_without_running_pipeline": true
  },
  {
   "id": "S-N-05",
   "event_id": "4688",
   "input": "Timestamp=\"2026-08-31 09:46:41\" EventID=4688 Hostname=WINHOST-01 Message=\"A new process has been created.  Creator Subject:  Security ID:  WINHOST-01\\SYSTEM  Account Name:  SYSTEM  Account Domain:  WINHOST-01  Logon ID:  0x8C112  Process Information:  New Process ID:  0x1a2c  New Process Name:  C:\\Windows\\System32\\msiexec.exe  Token Elevation Type:  %%1937  Mandatory Label:  Mandatory Label\\High Mandatory Level  Creator Process ID:  0x8f4  Creator Process Name:  C:\\Windows\\System32\\services.exe  Process Command Line:  C:\\Windows\\System32\\msiexec.exe /V\"",
   "expected_attack_ids": [],
   "expected_decision": "INSUFFICIENT_DATA",
   "negative_case": true,
   "review_flag": false,
   "rationale": "Windows Installer servis modunda basliyor; her kurulumda gorulur.",
   "attack_source": "Windows Installer servis modu (/V)",
   "attack_version": "19.1",
   "labeled_without_running_pipeline": true
  },
  {
   "id": "S-N-06",
   "event_id": "7045",
   "input": "Timestamp=\"2026-08-31 09:47:18\" EventID=7045 Hostname=WINHOST-01 Message=\"A service was installed in the system.  Service Name:  Npcap Packet Driver  Service File Name:  C:\\Windows\\System32\\drivers\\npcap.sys  Service Type:  kernel mode driver  Service Start Type:  demand start  Service Account:  \"",
   "expected_attack_ids": [],
   "expected_decision": "INSUFFICIENT_DATA",
   "negative_case": true,
   "review_flag": true,
   "rationale": "Mesru surucu kurulumu -- System32\\drivers konumunda ve talep uzerine basliyor. S-A-06 ile TEK farki konum ve baslatma turu; bu cift 7045'in kendisinin kanit olmadigini olcer.",
   "attack_source": "Npcap surucusu; 7045 tanimi",
   "attack_version": "19.1",
   "labeled_without_running_pipeline": true
  },
  {
   "id": "S-N-07",
   "event_id": "4657",
   "input": "Timestamp=\"2026-08-31 09:47:55\" EventID=4657 Hostname=WINHOST-01 Message=\"A registry value was modified.  Subject:  Security ID:  NT AUTHORITY\\SYSTEM  Account Name:  SYSTEM  Account Domain:  WORKGROUP  Logon ID:  0x3E7  Object:  Object Name:  \\REGISTRY\\MACHINE\\SOFTWARE\\Microsoft\\Windows NT\\CurrentVersion\\ProductName  Object Value Name:  ProductName  Handle ID:  0x3c8  Operation Type:  Existing registry value modified  Process Information:  Process ID:  0x2b8  Process Name:  C:\\Windows\\servicing\\TrustedInstaller.exe  Change Information:  Old Value Type:  REG_DWORD  Old Value:  Windows 11 Pro  New Value Type:  REG_DWORD  New Value:  Windows 11 Pro\"",
   "expected_attack_ids": [],
   "expected_decision": "SUFFICIENT_BENIGN",
   "negative_case": true,
   "review_flag": false,
   "rationale": "Isletim sistemi surum adinin yeniden yazilmasi (os-version / noise), aktor TrustedInstaller. Yama isleminin normal izi.",
   "attack_source": "config/asset_criticality.yaml os-version / noise",
   "attack_version": "19.1",
   "labeled_without_running_pipeline": true
  },
  {
   "id": "S-N-08",
   "event_id": "4769",
   "input": "Timestamp=\"2026-08-31 09:48:32\" EventID=4769 Hostname=WINHOST-01 Message=\"A Kerberos service ticket was requested.  Account Information:  Account Name:  jdoe@CORP.LOCAL  Service Information:  Service Name:  WINHOST-01$  Network Information:  Client Address:  ::ffff:10.0.0.55  Additional Information:  Ticket Options:  0x40810000  Ticket Encryption Type:  0x12\"",
   "expected_attack_ids": [],
   "expected_decision": "INSUFFICIENT_DATA",
   "negative_case": true,
   "review_flag": false,
   "rationale": "AES (0x12) sifrelemeli normal bilet talebi. S-ID-06 ile TEK farki sifreleme turu -- kerberoasting sinyalinin RC4'e bagli oldugunu olcer.",
   "attack_source": "Windows 4769 Ticket Encryption Type tanimi",
   "attack_version": "19.1",
   "labeled_without_running_pipeline": true
  },
  {
   "id": "S-N-09",
   "event_id": "5145",
   "input": "Timestamp=\"2026-08-31 09:49:09\" EventID=5145 Hostname=WINHOST-01 Message=\"A network share object was checked to see whether client can be granted desired access.  Subject:  Security ID:  CORP\\jdoe  Network Information:  Share Name:  \\\\*\\Departman  Share Path:  \\??\\D:\\Paylasim\\Departman  Relative Target Name:  2026\\butce.xlsx  Access Request Information:  Accesses:  ReadData (or ListDirectory)\"",
   "expected_attack_ids": [],
   "expected_decision": "INSUFFICIENT_DATA",
   "negative_case": true,
   "review_flag": false,
   "rationale": "Sira disi olmayan dosya paylasimi erisimi. S-ID-12 ile ayni olay ID, farkli hedef -- kanit paylasimda degil HEDEFTE.",
   "attack_source": "Windows 5145 tanimi",
   "attack_version": "19.1",
   "labeled_without_running_pipeline": true
  },
  {
   "id": "S-N-10",
   "event_id": "3",
   "input": "Timestamp=\"2026-08-31 09:49:46\" EventID=3 Hostname=WINHOST-01 Message=\"Network connection detected:  RuleName: -  UtcTime: 2026-08-31 09:25:11.887  ProcessId: 4180  Image: C:\\Program Files\\Google\\Chrome\\Application\\chrome.exe  User: WINHOST-01\\jdoe  Protocol: tcp  SourceIp: 198.51.100.185  DestinationIp: 142.250.187.14  DestinationPort: 443  DestinationHostname: www.google.com\"",
   "expected_attack_ids": [],
   "expected_decision": "INSUFFICIENT_DATA",
   "negative_case": true,
   "review_flag": false,
   "rationale": "Tarayicinin normal HTTPS baglantisi. S-ID-14 ile ayni eksen, farkli surec ve hedef.",
   "attack_source": "Sysmon Event ID 3 tanimi",
   "attack_version": "19.1",
   "labeled_without_running_pipeline": true
  },
  {
   "id": "S-N-11",
   "event_id": "4104",
   "input": "Timestamp=\"2026-08-31 09:50:23\" EventID=4104 Hostname=WINHOST-01 Message=\"Creating Scriptblock text (1 of 1):  Get-Process | Where-Object {$_.CPU -gt 100} | Sort-Object CPU -Descending | Select-Object -First 10  ScriptBlock ID: 1a2b3c4d-5e6f-7081-92a3-b4c5d6e7f809  Path:\"",
   "expected_attack_ids": [],
   "expected_decision": "INSUFFICIENT_DATA",
   "negative_case": true,
   "review_flag": false,
   "rationale": "Zararsiz tani script'i. 4104'un kendisi kanit degildir -- ICERIK kanittir. S-A-05 ile cift olusturur.",
   "attack_source": "Windows PowerShell 4104 ScriptBlock tanimi",
   "attack_version": "19.1",
   "labeled_without_running_pipeline": true
  },
  {
   "id": "S-N-12",
   "event_id": "4672",
   "input": "Timestamp=\"2026-08-31 09:51:00\" EventID=4672 Hostname=WINHOST-01 Message=\"Special privileges assigned to new logon.  Subject:  Security ID:  NT AUTHORITY\\SYSTEM  Account Name:  SYSTEM  Account Domain:  NT AUTHORITY  Logon ID:  0x3E7  Privileges:  SeAssignPrimaryTokenPrivilege  SeTcbPrivilege  SeSecurityPrivilege  SeTakeOwnershipPrivilege\"",
   "expected_attack_ids": [],
   "expected_decision": "INSUFFICIENT_DATA",
   "negative_case": true,
   "review_flag": false,
   "rationale": "SYSTEM her acilista bu ayricaliklari alir. Ayricalikli gorunen ama tamamen rutin olan kayit.",
   "attack_source": "Windows 4672 tanimi",
   "attack_version": "19.1",
   "labeled_without_running_pipeline": true
  }
 ]
}